{"D:\\NiuYob\\Aspiria\\ASProducts-Web\\src\\components\\ui\\ImageUploader.tsx": {"path":"D:\\NiuYob\\Aspiria\\ASProducts-Web\\src\\components\\ui\\ImageUploader.tsx","statementMap":{"0":{"start":{"line":18,"column":32},"end":{"line":18,"column":null}},"1":{"start":{"line":19,"column":38},"end":{"line":19,"column":null}},"2":{"start":{"line":20,"column":44},"end":{"line":20,"column":null}},"3":{"start":{"line":21,"column":19},"end":{"line":21,"column":null}},"4":{"start":{"line":23,"column":22},"end":{"line":23,"column":null}},"5":{"start":{"line":25,"column":2},"end":{"line":27,"column":null}},"6":{"start":{"line":26,"column":4},"end":{"line":26,"column":null}},"7":{"start":{"line":29,"column":2},"end":{"line":33,"column":null}},"8":{"start":{"line":30,"column":4},"end":{"line":32,"column":null}},"9":{"start":{"line":31,"column":6},"end":{"line":31,"column":null}},"10":{"start":{"line":31,"column":40},"end":{"line":31,"column":null}},"11":{"start":{"line":35,"column":8},"end":{"line":52,"column":null}},"12":{"start":{"line":36,"column":4},"end":{"line":36,"column":null}},"13":{"start":{"line":36,"column":15},"end":{"line":36,"column":null}},"14":{"start":{"line":38,"column":20},"end":{"line":38,"column":null}},"15":{"start":{"line":39,"column":24},"end":{"line":39,"column":null}},"16":{"start":{"line":41,"column":4},"end":{"line":44,"column":null}},"17":{"start":{"line":42,"column":6},"end":{"line":42,"column":null}},"18":{"start":{"line":43,"column":6},"end":{"line":43,"column":null}},"19":{"start":{"line":45,"column":4},"end":{"line":48,"column":null}},"20":{"start":{"line":46,"column":6},"end":{"line":46,"column":null}},"21":{"start":{"line":47,"column":6},"end":{"line":47,"column":null}},"22":{"start":{"line":50,"column":4},"end":{"line":50,"column":null}},"23":{"start":{"line":51,"column":4},"end":{"line":51,"column":null}},"24":{"start":{"line":54,"column":8},"end":{"line":66,"column":null}},"25":{"start":{"line":55,"column":20},"end":{"line":55,"column":null}},"26":{"start":{"line":57,"column":4},"end":{"line":65,"column":null}},"27":{"start":{"line":58,"column":24},"end":{"line":58,"column":null}},"28":{"start":{"line":59,"column":6},"end":{"line":59,"column":null}},"29":{"start":{"line":60,"column":6},"end":{"line":60,"column":null}},"30":{"start":{"line":61,"column":11},"end":{"line":65,"column":null}},"31":{"start":{"line":62,"column":6},"end":{"line":62,"column":null}},"32":{"start":{"line":63,"column":6},"end":{"line":63,"column":null}},"33":{"start":{"line":64,"column":6},"end":{"line":64,"column":null}},"34":{"start":{"line":68,"column":8},"end":{"line":70,"column":null}},"35":{"start":{"line":69,"column":4},"end":{"line":69,"column":null}},"36":{"start":{"line":72,"column":8},"end":{"line":86,"column":null}},"37":{"start":{"line":73,"column":4},"end":{"line":73,"column":null}},"38":{"start":{"line":74,"column":4},"end":{"line":74,"column":null}},"39":{"start":{"line":75,"column":17},"end":{"line":75,"column":null}},"40":{"start":{"line":76,"column":4},"end":{"line":76,"column":null}},"41":{"start":{"line":76,"column":15},"end":{"line":76,"column":null}},"42":{"start":{"line":78,"column":20},"end":{"line":78,"column":null}},"43":{"start":{"line":79,"column":4},"end":{"line":79,"column":null}},"44":{"start":{"line":81,"column":4},"end":{"line":85,"column":null}},"45":{"start":{"line":82,"column":27},"end":{"line":82,"column":null}},"46":{"start":{"line":83,"column":6},"end":{"line":83,"column":null}},"47":{"start":{"line":84,"column":6},"end":{"line":84,"column":null}},"48":{"start":{"line":88,"column":8},"end":{"line":93,"column":null}},"49":{"start":{"line":89,"column":4},"end":{"line":89,"column":null}},"50":{"start":{"line":90,"column":4},"end":{"line":90,"column":null}},"51":{"start":{"line":91,"column":4},"end":{"line":91,"column":null}},"52":{"start":{"line":92,"column":4},"end":{"line":92,"column":null}},"53":{"start":{"line":95,"column":27},"end":{"line":95,"column":null}},"54":{"start":{"line":97,"column":2},"end":{"line":148,"column":null}},"55":{"start":{"line":107,"column":23},"end":{"line":107,"column":null}},"56":{"start":{"line":109,"column":10},"end":{"line":109,"column":null}},"57":{"start":{"line":109,"column":50},"end":{"line":109,"column":null}},"58":{"start":{"line":112,"column":10},"end":{"line":112,"column":null}},"59":{"start":{"line":113,"column":10},"end":{"line":113,"column":null}},"60":{"start":{"line":115,"column":27},"end":{"line":115,"column":null}}},"fnMap":{"0":{"name":"ImageUploader","decl":{"start":{"line":11,"column":16},"end":{"line":11,"column":30}},"loc":{"start":{"line":17,"column":23},"end":{"line":150,"column":null}},"line":17},"1":{"name":"(anonymous_1)","decl":{"start":{"line":25,"column":2},"end":{"line":25,"column":18}},"loc":{"start":{"line":25,"column":18},"end":{"line":27,"column":5}},"line":25},"2":{"name":"(anonymous_2)","decl":{"start":{"line":29,"column":2},"end":{"line":29,"column":18}},"loc":{"start":{"line":29,"column":18},"end":{"line":33,"column":5}},"line":29},"3":{"name":"(anonymous_3)","decl":{"start":{"line":30,"column":4},"end":{"line":30,"column":17}},"loc":{"start":{"line":30,"column":17},"end":{"line":32,"column":null}},"line":30},"4":{"name":"(anonymous_4)","decl":{"start":{"line":35,"column":8},"end":{"line":35,"column":24}},"loc":{"start":{"line":35,"column":46},"end":{"line":52,"column":null}},"line":35},"5":{"name":"(anonymous_5)","decl":{"start":{"line":54,"column":8},"end":{"line":54,"column":21}},"loc":{"start":{"line":54,"column":43},"end":{"line":66,"column":null}},"line":54},"6":{"name":"(anonymous_6)","decl":{"start":{"line":68,"column":8},"end":{"line":68,"column":28}},"loc":{"start":{"line":68,"column":71},"end":{"line":70,"column":null}},"line":68},"7":{"name":"(anonymous_7)","decl":{"start":{"line":72,"column":8},"end":{"line":72,"column":22}},"loc":{"start":{"line":72,"column":61},"end":{"line":86,"column":null}},"line":72},"8":{"name":"(anonymous_8)","decl":{"start":{"line":88,"column":8},"end":{"line":88,"column":24}},"loc":{"start":{"line":88,"column":67},"end":{"line":93,"column":null}},"line":88},"9":{"name":"(anonymous_9)","decl":{"start":{"line":107,"column":8},"end":{"line":107,"column":23}},"loc":{"start":{"line":107,"column":23},"end":{"line":107,"column":null}},"line":107},"10":{"name":"(anonymous_10)","decl":{"start":{"line":108,"column":8},"end":{"line":108,"column":20}},"loc":{"start":{"line":108,"column":26},"end":{"line":110,"column":null}},"line":108},"11":{"name":"(anonymous_11)","decl":{"start":{"line":111,"column":8},"end":{"line":111,"column":21}},"loc":{"start":{"line":111,"column":27},"end":{"line":114,"column":null}},"line":111},"12":{"name":"(anonymous_12)","decl":{"start":{"line":115,"column":8},"end":{"line":115,"column":27}},"loc":{"start":{"line":115,"column":27},"end":{"line":115,"column":null}},"line":115}},"branchMap":{"0":{"loc":{"start":{"line":12,"column":2},"end":{"line":12,"column":null}},"type":"default-arg","locations":[{"start":{"line":12,"column":10},"end":{"line":12,"column":null}}],"line":12},"1":{"loc":{"start":{"line":23,"column":22},"end":{"line":23,"column":null}},"type":"binary-expr","locations":[{"start":{"line":23,"column":22},"end":{"line":23,"column":39}},{"start":{"line":23,"column":39},"end":{"line":23,"column":null}}],"line":23},"2":{"loc":{"start":{"line":31,"column":6},"end":{"line":31,"column":null}},"type":"if","locations":[{"start":{"line":31,"column":6},"end":{"line":31,"column":null}},{"start":{},"end":{}}],"line":31},"3":{"loc":{"start":{"line":36,"column":4},"end":{"line":36,"column":null}},"type":"if","locations":[{"start":{"line":36,"column":4},"end":{"line":36,"column":null}},{"start":{},"end":{}}],"line":36},"4":{"loc":{"start":{"line":41,"column":4},"end":{"line":44,"column":null}},"type":"if","locations":[{"start":{"line":41,"column":4},"end":{"line":44,"column":null}},{"start":{},"end":{}}],"line":41},"5":{"loc":{"start":{"line":45,"column":4},"end":{"line":48,"column":null}},"type":"if","locations":[{"start":{"line":45,"column":4},"end":{"line":48,"column":null}},{"start":{},"end":{}}],"line":45},"6":{"loc":{"start":{"line":57,"column":4},"end":{"line":65,"column":null}},"type":"if","locations":[{"start":{"line":57,"column":4},"end":{"line":65,"column":null}},{"start":{"line":61,"column":11},"end":{"line":65,"column":null}}],"line":57},"7":{"loc":{"start":{"line":57,"column":8},"end":{"line":57,"column":25}},"type":"binary-expr","locations":[{"start":{"line":57,"column":8},"end":{"line":57,"column":16}},{"start":{"line":57,"column":16},"end":{"line":57,"column":25}}],"line":57},"8":{"loc":{"start":{"line":61,"column":11},"end":{"line":65,"column":null}},"type":"if","locations":[{"start":{"line":61,"column":11},"end":{"line":65,"column":null}},{"start":{},"end":{}}],"line":61},"9":{"loc":{"start":{"line":69,"column":14},"end":{"line":69,"column":41}},"type":"binary-expr","locations":[{"start":{"line":69,"column":14},"end":{"line":69,"column":37}},{"start":{"line":69,"column":37},"end":{"line":69,"column":41}}],"line":69},"10":{"loc":{"start":{"line":76,"column":4},"end":{"line":76,"column":null}},"type":"if","locations":[{"start":{"line":76,"column":4},"end":{"line":76,"column":null}},{"start":{},"end":{}}],"line":76},"11":{"loc":{"start":{"line":79,"column":14},"end":{"line":79,"column":35}},"type":"cond-expr","locations":[{"start":{"line":79,"column":24},"end":{"line":79,"column":31}},{"start":{"line":79,"column":31},"end":{"line":79,"column":35}}],"line":79},"12":{"loc":{"start":{"line":81,"column":4},"end":{"line":85,"column":null}},"type":"if","locations":[{"start":{"line":81,"column":4},"end":{"line":85,"column":null}},{"start":{},"end":{}}],"line":81},"13":{"loc":{"start":{"line":81,"column":8},"end":{"line":81,"column":37}},"type":"binary-expr","locations":[{"start":{"line":81,"column":8},"end":{"line":81,"column":28}},{"start":{"line":81,"column":28},"end":{"line":81,"column":37}}],"line":81},"14":{"loc":{"start":{"line":99,"column":7},"end":{"line":99,"column":null}},"type":"binary-expr","locations":[{"start":{"line":99,"column":7},"end":{"line":99,"column":16}},{"start":{"line":99,"column":16},"end":{"line":99,"column":null}}],"line":99},"15":{"loc":{"start":{"line":102,"column":65},"end":{"line":102,"column":97}},"type":"cond-expr","locations":[{"start":{"line":102,"column":78},"end":{"line":102,"column":94}},{"start":{"line":102,"column":94},"end":{"line":102,"column":97}}],"line":102},"16":{"loc":{"start":{"line":103,"column":10},"end":{"line":103,"column":null}},"type":"cond-expr","locations":[{"start":{"line":103,"column":24},"end":{"line":103,"column":39}},{"start":{"line":103,"column":39},"end":{"line":103,"column":null}}],"line":103},"17":{"loc":{"start":{"line":109,"column":10},"end":{"line":109,"column":null}},"type":"if","locations":[{"start":{"line":109,"column":10},"end":{"line":109,"column":null}},{"start":{},"end":{}}],"line":109},"18":{"loc":{"start":{"line":109,"column":14},"end":{"line":109,"column":50}},"type":"binary-expr","locations":[{"start":{"line":109,"column":14},"end":{"line":109,"column":35}},{"start":{"line":109,"column":35},"end":{"line":109,"column":50}}],"line":109},"19":{"loc":{"start":{"line":118,"column":9},"end":{"line":128,"column":null}},"type":"cond-expr","locations":[{"start":{"line":119,"column":10},"end":{"line":121,"column":11}},{"start":{"line":121,"column":10},"end":{"line":128,"column":null}}],"line":118},"20":{"loc":{"start":{"line":128,"column":9},"end":{"line":138,"column":null}},"type":"binary-expr","locations":[{"start":{"line":128,"column":9},"end":{"line":128,"column":null}},{"start":{"line":129,"column":10},"end":{"line":138,"column":null}}],"line":128},"21":{"loc":{"start":{"line":147,"column":7},"end":{"line":147,"column":null}},"type":"binary-expr","locations":[{"start":{"line":147,"column":7},"end":{"line":147,"column":22}},{"start":{"line":147,"column":22},"end":{"line":147,"column":null}}],"line":147}},"s":{"0":41,"1":41,"2":41,"3":41,"4":41,"5":41,"6":13,"7":41,"8":17,"9":17,"10":2,"11":41,"12":4,"13":0,"14":4,"15":4,"16":4,"17":1,"18":1,"19":3,"20":1,"21":1,"22":2,"23":2,"24":41,"25":4,"26":4,"27":2,"28":2,"29":2,"30":2,"31":0,"32":0,"33":0,"34":41,"35":4,"36":41,"37":0,"38":0,"39":0,"40":0,"41":0,"42":0,"43":0,"44":0,"45":0,"46":0,"47":0,"48":41,"49":2,"50":2,"51":2,"52":2,"53":41,"54":41,"55":0,"56":1,"57":1,"58":0,"59":0,"60":0},"f":{"0":41,"1":13,"2":17,"3":17,"4":4,"5":4,"6":4,"7":0,"8":2,"9":0,"10":1,"11":0,"12":0},"b":{"0":[41],"1":[41,41],"2":[2,15],"3":[0,4],"4":[1,3],"5":[1,2],"6":[2,2],"7":[4,4],"8":[0,2],"9":[4,0],"10":[0,0],"11":[0,0],"12":[0,0],"13":[0,0],"14":[41,41],"15":[0,41],"16":[4,37],"17":[1,0],"18":[1,0],"19":[7,34],"20":[41,7],"21":[41,4]},"meta":{"lastBranch":22,"lastFunction":13,"lastStatement":61,"seen":{"f:11:16:11:30":0,"b:12:10:12:Infinity":0,"s:18:32:18:Infinity":0,"s:19:38:19:Infinity":1,"s:20:44:20:Infinity":2,"s:21:19:21:Infinity":3,"s:23:22:23:Infinity":4,"b:23:22:23:39:23:39:23:Infinity":1,"s:25:2:27:Infinity":5,"f:25:2:25:18":1,"s:26:4:26:Infinity":6,"s:29:2:33:Infinity":7,"f:29:2:29:18":2,"s:30:4:32:Infinity":8,"f:30:4:30:17":3,"b:31:6:31:Infinity:undefined:undefined:undefined:undefined":2,"s:31:6:31:Infinity":9,"s:31:40:31:Infinity":10,"s:35:8:52:Infinity":11,"f:35:8:35:24":4,"b:36:4:36:Infinity:undefined:undefined:undefined:undefined":3,"s:36:4:36:Infinity":12,"s:36:15:36:Infinity":13,"s:38:20:38:Infinity":14,"s:39:24:39:Infinity":15,"b:41:4:44:Infinity:undefined:undefined:undefined:undefined":4,"s:41:4:44:Infinity":16,"s:42:6:42:Infinity":17,"s:43:6:43:Infinity":18,"b:45:4:48:Infinity:undefined:undefined:undefined:undefined":5,"s:45:4:48:Infinity":19,"s:46:6:46:Infinity":20,"s:47:6:47:Infinity":21,"s:50:4:50:Infinity":22,"s:51:4:51:Infinity":23,"s:54:8:66:Infinity":24,"f:54:8:54:21":5,"s:55:20:55:Infinity":25,"b:57:4:65:Infinity:61:11:65:Infinity":6,"s:57:4:65:Infinity":26,"b:57:8:57:16:57:16:57:25":7,"s:58:24:58:Infinity":27,"s:59:6:59:Infinity":28,"s:60:6:60:Infinity":29,"b:61:11:65:Infinity:undefined:undefined:undefined:undefined":8,"s:61:11:65:Infinity":30,"s:62:6:62:Infinity":31,"s:63:6:63:Infinity":32,"s:64:6:64:Infinity":33,"s:68:8:70:Infinity":34,"f:68:8:68:28":6,"s:69:4:69:Infinity":35,"b:69:14:69:37:69:37:69:41":9,"s:72:8:86:Infinity":36,"f:72:8:72:22":7,"s:73:4:73:Infinity":37,"s:74:4:74:Infinity":38,"s:75:17:75:Infinity":39,"b:76:4:76:Infinity:undefined:undefined:undefined:undefined":10,"s:76:4:76:Infinity":40,"s:76:15:76:Infinity":41,"s:78:20:78:Infinity":42,"s:79:4:79:Infinity":43,"b:79:24:79:31:79:31:79:35":11,"b:81:4:85:Infinity:undefined:undefined:undefined:undefined":12,"s:81:4:85:Infinity":44,"b:81:8:81:28:81:28:81:37":13,"s:82:27:82:Infinity":45,"s:83:6:83:Infinity":46,"s:84:6:84:Infinity":47,"s:88:8:93:Infinity":48,"f:88:8:88:24":8,"s:89:4:89:Infinity":49,"s:90:4:90:Infinity":50,"s:91:4:91:Infinity":51,"s:92:4:92:Infinity":52,"s:95:27:95:Infinity":53,"s:97:2:148:Infinity":54,"b:99:7:99:16:99:16:99:Infinity":14,"b:102:78:102:94:102:94:102:97":15,"b:103:24:103:39:103:39:103:Infinity":16,"f:107:8:107:23":9,"s:107:23:107:Infinity":55,"f:108:8:108:20":10,"b:109:10:109:Infinity:undefined:undefined:undefined:undefined":17,"s:109:10:109:Infinity":56,"b:109:14:109:35:109:35:109:50":18,"s:109:50:109:Infinity":57,"f:111:8:111:21":11,"s:112:10:112:Infinity":58,"s:113:10:113:Infinity":59,"f:115:8:115:27":12,"s:115:27:115:Infinity":60,"b:119:10:121:11:121:10:128:Infinity":19,"b:128:9:128:Infinity:129:10:138:Infinity":20,"b:147:7:147:22:147:22:147:Infinity":21},"fnNames":{}}}
,"D:\\NiuYob\\Aspiria\\ASProducts-Web\\src\\features\\products\\ProductForm.tsx": {"path":"D:\\NiuYob\\Aspiria\\ASProducts-Web\\src\\features\\products\\ProductForm.tsx","statementMap":{"0":{"start":{"line":21,"column":6},"end":{"line":32,"column":null}},"1":{"start":{"line":34,"column":8},"end":{"line":53,"column":null}},"2":{"start":{"line":35,"column":21},"end":{"line":35,"column":null}},"3":{"start":{"line":36,"column":4},"end":{"line":36,"column":null}},"4":{"start":{"line":37,"column":4},"end":{"line":37,"column":null}},"5":{"start":{"line":39,"column":4},"end":{"line":41,"column":null}},"6":{"start":{"line":40,"column":6},"end":{"line":40,"column":null}},"7":{"start":{"line":43,"column":4},"end":{"line":43,"column":null}},"8":{"start":{"line":44,"column":4},"end":{"line":44,"column":null}},"9":{"start":{"line":46,"column":4},"end":{"line":50,"column":null}},"10":{"start":{"line":47,"column":6},"end":{"line":47,"column":null}},"11":{"start":{"line":48,"column":11},"end":{"line":50,"column":null}},"12":{"start":{"line":49,"column":6},"end":{"line":49,"column":null}},"13":{"start":{"line":52,"column":4},"end":{"line":52,"column":null}},"14":{"start":{"line":55,"column":2},"end":{"line":166,"column":null}},"15":{"start":{"line":73,"column":14},"end":{"line":81,"column":null}},"16":{"start":{"line":76,"column":18},"end":{"line":76,"column":null}},"17":{"start":{"line":77,"column":18},"end":{"line":77,"column":null}},"18":{"start":{"line":77,"column":28},"end":{"line":77,"column":null}},"19":{"start":{"line":79,"column":40},"end":{"line":79,"column":null}}},"fnMap":{"0":{"name":"ProductForm","decl":{"start":{"line":14,"column":16},"end":{"line":14,"column":28}},"loc":{"start":{"line":14,"column":83},"end":{"line":168,"column":null}},"line":14},"1":{"name":"(anonymous_1)","decl":{"start":{"line":34,"column":8},"end":{"line":34,"column":28}},"loc":{"start":{"line":34,"column":56},"end":{"line":53,"column":null}},"line":34},"2":{"name":"(anonymous_2)","decl":{"start":{"line":72,"column":12},"end":{"line":72,"column":21}},"loc":{"start":{"line":73,"column":14},"end":{"line":81,"column":null}},"line":73},"3":{"name":"(anonymous_3)","decl":{"start":{"line":75,"column":16},"end":{"line":75,"column":27}},"loc":{"start":{"line":75,"column":36},"end":{"line":78,"column":null}},"line":75},"4":{"name":"(anonymous_4)","decl":{"start":{"line":79,"column":16},"end":{"line":79,"column":40}},"loc":{"start":{"line":79,"column":40},"end":{"line":79,"column":null}},"line":79}},"branchMap":{"0":{"loc":{"start":{"line":24,"column":12},"end":{"line":24,"column":null}},"type":"binary-expr","locations":[{"start":{"line":24,"column":12},"end":{"line":24,"column":29}},{"start":{"line":24,"column":29},"end":{"line":24,"column":null}}],"line":24},"1":{"loc":{"start":{"line":25,"column":19},"end":{"line":25,"column":null}},"type":"binary-expr","locations":[{"start":{"line":25,"column":19},"end":{"line":25,"column":43}},{"start":{"line":25,"column":43},"end":{"line":25,"column":null}}],"line":25},"2":{"loc":{"start":{"line":26,"column":22},"end":{"line":26,"column":null}},"type":"binary-expr","locations":[{"start":{"line":26,"column":22},"end":{"line":26,"column":49}},{"start":{"line":26,"column":49},"end":{"line":26,"column":null}}],"line":26},"3":{"loc":{"start":{"line":27,"column":15},"end":{"line":27,"column":null}},"type":"binary-expr","locations":[{"start":{"line":27,"column":15},"end":{"line":27,"column":35}},{"start":{"line":27,"column":35},"end":{"line":27,"column":null}}],"line":27},"4":{"loc":{"start":{"line":28,"column":13},"end":{"line":28,"column":null}},"type":"binary-expr","locations":[{"start":{"line":28,"column":13},"end":{"line":28,"column":31}},{"start":{"line":28,"column":31},"end":{"line":28,"column":null}}],"line":28},"5":{"loc":{"start":{"line":37,"column":35},"end":{"line":37,"column":57}},"type":"binary-expr","locations":[{"start":{"line":37,"column":35},"end":{"line":37,"column":55}},{"start":{"line":37,"column":55},"end":{"line":37,"column":57}}],"line":37},"6":{"loc":{"start":{"line":39,"column":4},"end":{"line":41,"column":null}},"type":"if","locations":[{"start":{"line":39,"column":4},"end":{"line":41,"column":null}},{"start":{},"end":{}}],"line":39},"7":{"loc":{"start":{"line":46,"column":4},"end":{"line":50,"column":null}},"type":"if","locations":[{"start":{"line":46,"column":4},"end":{"line":50,"column":null}},{"start":{"line":48,"column":11},"end":{"line":50,"column":null}}],"line":46},"8":{"loc":{"start":{"line":48,"column":11},"end":{"line":50,"column":null}},"type":"if","locations":[{"start":{"line":48,"column":11},"end":{"line":50,"column":null}},{"start":{},"end":{}}],"line":48},"9":{"loc":{"start":{"line":58,"column":38},"end":{"line":58,"column":89}},"type":"cond-expr","locations":[{"start":{"line":58,"column":48},"end":{"line":58,"column":68}},{"start":{"line":58,"column":68},"end":{"line":58,"column":89}}],"line":58},"10":{"loc":{"start":{"line":59,"column":9},"end":{"line":61,"column":null}},"type":"binary-expr","locations":[{"start":{"line":59,"column":9},"end":{"line":59,"column":20}},{"start":{"line":59,"column":20},"end":{"line":61,"column":null}}],"line":59},"11":{"loc":{"start":{"line":77,"column":18},"end":{"line":77,"column":null}},"type":"if","locations":[{"start":{"line":77,"column":18},"end":{"line":77,"column":null}},{"start":{},"end":{}}],"line":77},"12":{"loc":{"start":{"line":93,"column":41},"end":{"line":93,"column":null}},"type":"cond-expr","locations":[{"start":{"line":93,"column":55},"end":{"line":93,"column":70}},{"start":{"line":93,"column":70},"end":{"line":93,"column":null}}],"line":93},"13":{"loc":{"start":{"line":96,"column":13},"end":{"line":96,"column":null}},"type":"binary-expr","locations":[{"start":{"line":96,"column":13},"end":{"line":96,"column":28}},{"start":{"line":96,"column":28},"end":{"line":96,"column":null}}],"line":96},"14":{"loc":{"start":{"line":105,"column":41},"end":{"line":105,"column":null}},"type":"cond-expr","locations":[{"start":{"line":105,"column":58},"end":{"line":105,"column":73}},{"start":{"line":105,"column":73},"end":{"line":105,"column":null}}],"line":105},"15":{"loc":{"start":{"line":108,"column":13},"end":{"line":108,"column":null}},"type":"binary-expr","locations":[{"start":{"line":108,"column":13},"end":{"line":108,"column":31}},{"start":{"line":108,"column":31},"end":{"line":108,"column":null}}],"line":108},"16":{"loc":{"start":{"line":119,"column":43},"end":{"line":119,"column":null}},"type":"cond-expr","locations":[{"start":{"line":119,"column":67},"end":{"line":119,"column":82}},{"start":{"line":119,"column":82},"end":{"line":119,"column":null}}],"line":119},"17":{"loc":{"start":{"line":122,"column":15},"end":{"line":123,"column":null}},"type":"binary-expr","locations":[{"start":{"line":122,"column":15},"end":{"line":122,"column":null}},{"start":{"line":123,"column":16},"end":{"line":123,"column":null}}],"line":122},"18":{"loc":{"start":{"line":137,"column":45},"end":{"line":137,"column":null}},"type":"cond-expr","locations":[{"start":{"line":137,"column":60},"end":{"line":137,"column":75}},{"start":{"line":137,"column":75},"end":{"line":137,"column":null}}],"line":137},"19":{"loc":{"start":{"line":140,"column":17},"end":{"line":140,"column":null}},"type":"binary-expr","locations":[{"start":{"line":140,"column":17},"end":{"line":140,"column":33}},{"start":{"line":140,"column":33},"end":{"line":140,"column":null}}],"line":140},"20":{"loc":{"start":{"line":151,"column":41},"end":{"line":151,"column":null}},"type":"cond-expr","locations":[{"start":{"line":151,"column":62},"end":{"line":151,"column":77}},{"start":{"line":151,"column":77},"end":{"line":151,"column":null}}],"line":151},"21":{"loc":{"start":{"line":154,"column":13},"end":{"line":155,"column":null}},"type":"binary-expr","locations":[{"start":{"line":154,"column":13},"end":{"line":154,"column":null}},{"start":{"line":155,"column":14},"end":{"line":155,"column":null}}],"line":154},"22":{"loc":{"start":{"line":163,"column":11},"end":{"line":163,"column":null}},"type":"cond-expr","locations":[{"start":{"line":163,"column":26},"end":{"line":163,"column":43}},{"start":{"line":163,"column":43},"end":{"line":163,"column":null}}],"line":163}},"s":{"0":18,"1":18,"2":2,"3":2,"4":2,"5":2,"6":0,"7":2,"8":2,"9":2,"10":0,"11":2,"12":1,"13":2,"14":18,"15":19,"16":1,"17":1,"18":0,"19":1},"f":{"0":18,"1":2,"2":19,"3":1,"4":1},"b":{"0":[18,13],"1":[18,16],"2":[18,16],"3":[18,13],"4":[18,13],"5":[2,0],"6":[0,2],"7":[0,2],"8":[1,1],"9":[5,13],"10":[18,5],"11":[0,1],"12":[1,17],"13":[18,1],"14":[1,17],"15":[18,1],"16":[0,18],"17":[18,0],"18":[2,16],"19":[18,2],"20":[0,18],"21":[18,0],"22":[2,16]},"meta":{"lastBranch":23,"lastFunction":5,"lastStatement":20,"seen":{"f:14:16:14:28":0,"s:21:6:32:Infinity":0,"b:24:12:24:29:24:29:24:Infinity":0,"b:25:19:25:43:25:43:25:Infinity":1,"b:26:22:26:49:26:49:26:Infinity":2,"b:27:15:27:35:27:35:27:Infinity":3,"b:28:13:28:31:28:31:28:Infinity":4,"s:34:8:53:Infinity":1,"f:34:8:34:28":1,"s:35:21:35:Infinity":2,"s:36:4:36:Infinity":3,"s:37:4:37:Infinity":4,"b:37:35:37:55:37:55:37:57":5,"b:39:4:41:Infinity:undefined:undefined:undefined:undefined":6,"s:39:4:41:Infinity":5,"s:40:6:40:Infinity":6,"s:43:4:43:Infinity":7,"s:44:4:44:Infinity":8,"b:46:4:50:Infinity:48:11:50:Infinity":7,"s:46:4:50:Infinity":9,"s:47:6:47:Infinity":10,"b:48:11:50:Infinity:undefined:undefined:undefined:undefined":8,"s:48:11:50:Infinity":11,"s:49:6:49:Infinity":12,"s:52:4:52:Infinity":13,"s:55:2:166:Infinity":14,"b:58:48:58:68:58:68:58:89":9,"b:59:9:59:20:59:20:61:Infinity":10,"f:72:12:72:21":2,"s:73:14:81:Infinity":15,"f:75:16:75:27":3,"s:76:18:76:Infinity":16,"b:77:18:77:Infinity:undefined:undefined:undefined:undefined":11,"s:77:18:77:Infinity":17,"s:77:28:77:Infinity":18,"f:79:16:79:40":4,"s:79:40:79:Infinity":19,"b:93:55:93:70:93:70:93:Infinity":12,"b:96:13:96:28:96:28:96:Infinity":13,"b:105:58:105:73:105:73:105:Infinity":14,"b:108:13:108:31:108:31:108:Infinity":15,"b:119:67:119:82:119:82:119:Infinity":16,"b:122:15:122:Infinity:123:16:123:Infinity":17,"b:137:60:137:75:137:75:137:Infinity":18,"b:140:17:140:33:140:33:140:Infinity":19,"b:151:62:151:77:151:77:151:Infinity":20,"b:154:13:154:Infinity:155:14:155:Infinity":21,"b:163:26:163:43:163:43:163:Infinity":22},"fnNames":{}}}
,"D:\\NiuYob\\Aspiria\\ASProducts-Web\\src\\features\\products\\hooks.ts": {"path":"D:\\NiuYob\\Aspiria\\ASProducts-Web\\src\\features\\products\\hooks.ts","statementMap":{"0":{"start":{"line":8,"column":22},"end":{"line":8,"column":null}},"1":{"start":{"line":10,"column":13},"end":{"line":14,"column":null}},"2":{"start":{"line":11,"column":2},"end":{"line":14,"column":null}},"3":{"start":{"line":16,"column":13},"end":{"line":21,"column":null}},"4":{"start":{"line":17,"column":2},"end":{"line":21,"column":null}},"5":{"start":{"line":19,"column":19},"end":{"line":19,"column":null}},"6":{"start":{"line":23,"column":13},"end":{"line":37,"column":null}},"7":{"start":{"line":24,"column":13},"end":{"line":24,"column":28}},"8":{"start":{"line":25,"column":24},"end":{"line":25,"column":33}},"9":{"start":{"line":27,"column":2},"end":{"line":36,"column":null}},"10":{"start":{"line":28,"column":40},"end":{"line":28,"column":null}},"11":{"start":{"line":30,"column":6},"end":{"line":30,"column":null}},"12":{"start":{"line":31,"column":6},"end":{"line":31,"column":null}},"13":{"start":{"line":34,"column":6},"end":{"line":34,"column":null}},"14":{"start":{"line":39,"column":13},"end":{"line":59,"column":null}},"15":{"start":{"line":40,"column":13},"end":{"line":40,"column":28}},"16":{"start":{"line":41,"column":24},"end":{"line":41,"column":33}},"17":{"start":{"line":43,"column":2},"end":{"line":58,"column":null}},"18":{"start":{"line":45,"column":6},"end":{"line":45,"column":null}},"19":{"start":{"line":47,"column":6},"end":{"line":47,"column":null}},"20":{"start":{"line":48,"column":6},"end":{"line":51,"column":null}},"21":{"start":{"line":53,"column":6},"end":{"line":53,"column":null}},"22":{"start":{"line":56,"column":6},"end":{"line":56,"column":null}},"23":{"start":{"line":61,"column":13},"end":{"line":75,"column":null}},"24":{"start":{"line":62,"column":13},"end":{"line":62,"column":28}},"25":{"start":{"line":63,"column":24},"end":{"line":63,"column":33}},"26":{"start":{"line":65,"column":2},"end":{"line":74,"column":null}},"27":{"start":{"line":66,"column":32},"end":{"line":66,"column":null}},"28":{"start":{"line":68,"column":6},"end":{"line":68,"column":null}},"29":{"start":{"line":69,"column":6},"end":{"line":69,"column":null}},"30":{"start":{"line":72,"column":6},"end":{"line":72,"column":null}}},"fnMap":{"0":{"name":"(anonymous_0)","decl":{"start":{"line":10,"column":13},"end":{"line":10,"column":null}},"loc":{"start":{"line":11,"column":2},"end":{"line":14,"column":null}},"line":11},"1":{"name":"(anonymous_1)","decl":{"start":{"line":16,"column":13},"end":{"line":16,"column":27}},"loc":{"start":{"line":17,"column":2},"end":{"line":21,"column":null}},"line":17},"2":{"name":"(anonymous_2)","decl":{"start":{"line":19,"column":4},"end":{"line":19,"column":19}},"loc":{"start":{"line":19,"column":19},"end":{"line":19,"column":null}},"line":19},"3":{"name":"(anonymous_3)","decl":{"start":{"line":23,"column":13},"end":{"line":23,"column":38}},"loc":{"start":{"line":23,"column":38},"end":{"line":37,"column":null}},"line":23},"4":{"name":"(anonymous_4)","decl":{"start":{"line":28,"column":4},"end":{"line":28,"column":17}},"loc":{"start":{"line":28,"column":40},"end":{"line":28,"column":null}},"line":28},"5":{"name":"(anonymous_5)","decl":{"start":{"line":29,"column":4},"end":{"line":29,"column":21}},"loc":{"start":{"line":29,"column":21},"end":{"line":32,"column":null}},"line":29},"6":{"name":"(anonymous_6)","decl":{"start":{"line":33,"column":4},"end":{"line":33,"column":19}},"loc":{"start":{"line":33,"column":19},"end":{"line":35,"column":null}},"line":33},"7":{"name":"(anonymous_7)","decl":{"start":{"line":39,"column":13},"end":{"line":39,"column":38}},"loc":{"start":{"line":39,"column":38},"end":{"line":59,"column":null}},"line":39},"8":{"name":"(anonymous_8)","decl":{"start":{"line":44,"column":4},"end":{"line":44,"column":17}},"loc":{"start":{"line":45,"column":6},"end":{"line":45,"column":null}},"line":45},"9":{"name":"(anonymous_9)","decl":{"start":{"line":46,"column":4},"end":{"line":46,"column":16}},"loc":{"start":{"line":46,"column":33},"end":{"line":54,"column":null}},"line":46},"10":{"name":"(anonymous_10)","decl":{"start":{"line":55,"column":4},"end":{"line":55,"column":19}},"loc":{"start":{"line":55,"column":19},"end":{"line":57,"column":null}},"line":55},"11":{"name":"(anonymous_11)","decl":{"start":{"line":61,"column":13},"end":{"line":61,"column":38}},"loc":{"start":{"line":61,"column":38},"end":{"line":75,"column":null}},"line":61},"12":{"name":"(anonymous_12)","decl":{"start":{"line":66,"column":4},"end":{"line":66,"column":17}},"loc":{"start":{"line":66,"column":32},"end":{"line":66,"column":null}},"line":66},"13":{"name":"(anonymous_13)","decl":{"start":{"line":67,"column":4},"end":{"line":67,"column":21}},"loc":{"start":{"line":67,"column":21},"end":{"line":70,"column":null}},"line":67},"14":{"name":"(anonymous_14)","decl":{"start":{"line":71,"column":4},"end":{"line":71,"column":19}},"loc":{"start":{"line":71,"column":19},"end":{"line":73,"column":null}},"line":71}},"branchMap":{"0":{"loc":{"start":{"line":8,"column":22},"end":{"line":8,"column":null}},"type":"cond-expr","locations":[{"start":{"line":8,"column":42},"end":{"line":8,"column":56}},{"start":{"line":8,"column":56},"end":{"line":8,"column":null}}],"line":8}},"s":{"0":1,"1":1,"2":5,"3":1,"4":0,"5":0,"6":1,"7":4,"8":4,"9":4,"10":2,"11":1,"12":1,"13":1,"14":1,"15":0,"16":0,"17":0,"18":0,"19":0,"20":0,"21":0,"22":0,"23":1,"24":0,"25":0,"26":0,"27":0,"28":0,"29":0,"30":0},"f":{"0":5,"1":0,"2":0,"3":4,"4":2,"5":1,"6":1,"7":0,"8":0,"9":0,"10":0,"11":0,"12":0,"13":0,"14":0},"b":{"0":[0,1]},"meta":{"lastBranch":1,"lastFunction":15,"lastStatement":31,"seen":{"s:8:22:8:Infinity":0,"b:8:42:8:56:8:56:8:Infinity":0,"s:10:13:14:Infinity":1,"f:10:13:10:Infinity":0,"s:11:2:14:Infinity":2,"s:16:13:21:Infinity":3,"f:16:13:16:27":1,"s:17:2:21:Infinity":4,"f:19:4:19:19":2,"s:19:19:19:Infinity":5,"s:23:13:37:Infinity":6,"f:23:13:23:38":3,"s:24:13:24:28":7,"s:25:24:25:33":8,"s:27:2:36:Infinity":9,"f:28:4:28:17":4,"s:28:40:28:Infinity":10,"f:29:4:29:21":5,"s:30:6:30:Infinity":11,"s:31:6:31:Infinity":12,"f:33:4:33:19":6,"s:34:6:34:Infinity":13,"s:39:13:59:Infinity":14,"f:39:13:39:38":7,"s:40:13:40:28":15,"s:41:24:41:33":16,"s:43:2:58:Infinity":17,"f:44:4:44:17":8,"s:45:6:45:Infinity":18,"f:46:4:46:16":9,"s:47:6:47:Infinity":19,"s:48:6:51:Infinity":20,"s:53:6:53:Infinity":21,"f:55:4:55:19":10,"s:56:6:56:Infinity":22,"s:61:13:75:Infinity":23,"f:61:13:61:38":11,"s:62:13:62:28":24,"s:63:24:63:33":25,"s:65:2:74:Infinity":26,"f:66:4:66:17":12,"s:66:32:66:Infinity":27,"f:67:4:67:21":13,"s:68:6:68:Infinity":28,"s:69:6:69:Infinity":29,"f:71:4:71:19":14,"s:72:6:72:Infinity":30},"fnNames":{}}}
,"D:\\NiuYob\\Aspiria\\ASProducts-Web\\src\\features\\products\\product.mock.ts": {"path":"D:\\NiuYob\\Aspiria\\ASProducts-Web\\src\\features\\products\\product.mock.ts","statementMap":{"0":{"start":{"line":3,"column":35},"end":{"line":44,"column":null}},"1":{"start":{"line":46,"column":15},"end":{"line":46,"column":null}},"2":{"start":{"line":47,"column":20},"end":{"line":47,"column":null}},"3":{"start":{"line":50,"column":15},"end":{"line":50,"column":null}},"4":{"start":{"line":51,"column":23},"end":{"line":51,"column":null}},"5":{"start":{"line":52,"column":28},"end":{"line":52,"column":null}},"6":{"start":{"line":53,"column":18},"end":{"line":53,"column":null}},"7":{"start":{"line":54,"column":19},"end":{"line":54,"column":null}},"8":{"start":{"line":57,"column":4},"end":{"line":59,"column":null}},"9":{"start":{"line":61,"column":22},"end":{"line":61,"column":null}},"10":{"start":{"line":62,"column":22},"end":{"line":62,"column":null}},"11":{"start":{"line":64,"column":2},"end":{"line":70,"column":null}},"12":{"start":{"line":73,"column":27},"end":{"line":124,"column":null}},"13":{"start":{"line":75,"column":4},"end":{"line":75,"column":null}},"14":{"start":{"line":79,"column":20},"end":{"line":79,"column":null}},"15":{"start":{"line":79,"column":44},"end":{"line":79,"column":58}},"16":{"start":{"line":80,"column":4},"end":{"line":82,"column":null}},"17":{"start":{"line":81,"column":6},"end":{"line":81,"column":null}},"18":{"start":{"line":83,"column":4},"end":{"line":83,"column":null}},"19":{"start":{"line":87,"column":20},"end":{"line":87,"column":null}},"20":{"start":{"line":88,"column":32},"end":{"line":91,"column":null}},"21":{"start":{"line":92,"column":4},"end":{"line":92,"column":null}},"22":{"start":{"line":93,"column":4},"end":{"line":93,"column":null}},"23":{"start":{"line":97,"column":20},"end":{"line":97,"column":null}},"24":{"start":{"line":98,"column":25},"end":{"line":98,"column":null}},"25":{"start":{"line":98,"column":54},"end":{"line":98,"column":68}},"26":{"start":{"line":99,"column":4},"end":{"line":99,"column":null}},"27":{"start":{"line":99,"column":29},"end":{"line":99,"column":null}},"28":{"start":{"line":101,"column":20},"end":{"line":101,"column":null}},"29":{"start":{"line":102,"column":24},"end":{"line":102,"column":null}},"30":{"start":{"line":103,"column":24},"end":{"line":103,"column":null}},"31":{"start":{"line":105,"column":21},"end":{"line":109,"column":null}},"32":{"start":{"line":111,"column":36},"end":{"line":111,"column":null}},"33":{"start":{"line":112,"column":4},"end":{"line":112,"column":null}},"34":{"start":{"line":112,"column":39},"end":{"line":112,"column":78}},"35":{"start":{"line":113,"column":4},"end":{"line":113,"column":null}},"36":{"start":{"line":117,"column":4},"end":{"line":117,"column":null}},"37":{"start":{"line":117,"column":41},"end":{"line":117,"column":55}},"38":{"start":{"line":121,"column":4},"end":{"line":121,"column":null}},"39":{"start":{"line":122,"column":4},"end":{"line":122,"column":null}}},"fnMap":{"0":{"name":"parseFormData","decl":{"start":{"line":49,"column":9},"end":{"line":49,"column":23}},"loc":{"start":{"line":49,"column":77},"end":{"line":71,"column":null}},"line":49},"1":{"name":"(anonymous_1)","decl":{"start":{"line":74,"column":10},"end":{"line":74,"column":42}},"loc":{"start":{"line":74,"column":42},"end":{"line":76,"column":null}},"line":74},"2":{"name":"(anonymous_2)","decl":{"start":{"line":78,"column":11},"end":{"line":78,"column":18}},"loc":{"start":{"line":78,"column":51},"end":{"line":84,"column":null}},"line":78},"3":{"name":"(anonymous_3)","decl":{"start":{"line":79,"column":29},"end":{"line":79,"column":35}},"loc":{"start":{"line":79,"column":44},"end":{"line":79,"column":58}},"line":79},"4":{"name":"(anonymous_4)","decl":{"start":{"line":86,"column":10},"end":{"line":86,"column":17}},"loc":{"start":{"line":86,"column":58},"end":{"line":94,"column":null}},"line":86},"5":{"name":"(anonymous_5)","decl":{"start":{"line":96,"column":10},"end":{"line":96,"column":17}},"loc":{"start":{"line":96,"column":70},"end":{"line":114,"column":null}},"line":96},"6":{"name":"(anonymous_6)","decl":{"start":{"line":98,"column":34},"end":{"line":98,"column":45}},"loc":{"start":{"line":98,"column":54},"end":{"line":98,"column":68}},"line":98},"7":{"name":"(anonymous_7)","decl":{"start":{"line":112,"column":24},"end":{"line":112,"column":29}},"loc":{"start":{"line":112,"column":39},"end":{"line":112,"column":78}},"line":112},"8":{"name":"(anonymous_8)","decl":{"start":{"line":116,"column":10},"end":{"line":116,"column":17}},"loc":{"start":{"line":116,"column":47},"end":{"line":118,"column":null}},"line":116},"9":{"name":"(anonymous_9)","decl":{"start":{"line":117,"column":24},"end":{"line":117,"column":32}},"loc":{"start":{"line":117,"column":41},"end":{"line":117,"column":55}},"line":117},"10":{"name":"(anonymous_10)","decl":{"start":{"line":120,"column":2},"end":{"line":120,"column":21}},"loc":{"start":{"line":120,"column":21},"end":{"line":123,"column":null}},"line":120}},"branchMap":{"0":{"loc":{"start":{"line":51,"column":23},"end":{"line":51,"column":null}},"type":"binary-expr","locations":[{"start":{"line":51,"column":23},"end":{"line":51,"column":65}},{"start":{"line":51,"column":65},"end":{"line":51,"column":null}}],"line":51},"1":{"loc":{"start":{"line":57,"column":4},"end":{"line":59,"column":null}},"type":"cond-expr","locations":[{"start":{"line":58,"column":8},"end":{"line":58,"column":null}},{"start":{"line":59,"column":8},"end":{"line":59,"column":null}}],"line":57},"2":{"loc":{"start":{"line":57,"column":4},"end":{"line":57,"column":null}},"type":"binary-expr","locations":[{"start":{"line":57,"column":4},"end":{"line":57,"column":34}},{"start":{"line":57,"column":34},"end":{"line":57,"column":null}}],"line":57},"3":{"loc":{"start":{"line":66,"column":17},"end":{"line":66,"column":null}},"type":"cond-expr","locations":[{"start":{"line":66,"column":38},"end":{"line":66,"column":50}},{"start":{"line":66,"column":50},"end":{"line":66,"column":null}}],"line":66},"4":{"loc":{"start":{"line":67,"column":20},"end":{"line":67,"column":null}},"type":"cond-expr","locations":[{"start":{"line":67,"column":51},"end":{"line":67,"column":63}},{"start":{"line":67,"column":63},"end":{"line":67,"column":null}}],"line":67},"5":{"loc":{"start":{"line":80,"column":4},"end":{"line":82,"column":null}},"type":"if","locations":[{"start":{"line":80,"column":4},"end":{"line":82,"column":null}},{"start":{},"end":{}}],"line":80},"6":{"loc":{"start":{"line":99,"column":4},"end":{"line":99,"column":null}},"type":"if","locations":[{"start":{"line":99,"column":4},"end":{"line":99,"column":null}},{"start":{},"end":{}}],"line":99},"7":{"loc":{"start":{"line":105,"column":21},"end":{"line":109,"column":null}},"type":"cond-expr","locations":[{"start":{"line":106,"column":8},"end":{"line":106,"column":null}},{"start":{"line":107,"column":8},"end":{"line":109,"column":null}}],"line":105},"8":{"loc":{"start":{"line":107,"column":8},"end":{"line":109,"column":null}},"type":"cond-expr","locations":[{"start":{"line":108,"column":10},"end":{"line":108,"column":null}},{"start":{"line":109,"column":10},"end":{"line":109,"column":null}}],"line":107},"9":{"loc":{"start":{"line":112,"column":39},"end":{"line":112,"column":78}},"type":"cond-expr","locations":[{"start":{"line":112,"column":56},"end":{"line":112,"column":73}},{"start":{"line":112,"column":73},"end":{"line":112,"column":78}}],"line":112}},"s":{"0":1,"1":1,"2":1,"3":0,"4":0,"5":0,"6":0,"7":0,"8":0,"9":0,"10":0,"11":0,"12":1,"13":0,"14":0,"15":0,"16":0,"17":0,"18":0,"19":0,"20":0,"21":0,"22":0,"23":0,"24":0,"25":0,"26":0,"27":0,"28":0,"29":0,"30":0,"31":0,"32":0,"33":0,"34":0,"35":0,"36":0,"37":0,"38":0,"39":0},"f":{"0":0,"1":0,"2":0,"3":0,"4":0,"5":0,"6":0,"7":0,"8":0,"9":0,"10":0},"b":{"0":[0,0],"1":[0,0],"2":[0,0],"3":[0,0],"4":[0,0],"5":[0,0],"6":[0,0],"7":[0,0],"8":[0,0],"9":[0,0]},"meta":{"lastBranch":10,"lastFunction":11,"lastStatement":40,"seen":{"s:3:35:44:Infinity":0,"s:46:15:46:Infinity":1,"s:47:20:47:Infinity":2,"f:49:9:49:23":0,"s:50:15:50:Infinity":3,"s:51:23:51:Infinity":4,"b:51:23:51:65:51:65:51:Infinity":0,"s:52:28:52:Infinity":5,"s:53:18:53:Infinity":6,"s:54:19:54:Infinity":7,"s:57:4:59:Infinity":8,"b:58:8:58:Infinity:59:8:59:Infinity":1,"b:57:4:57:34:57:34:57:Infinity":2,"s:61:22:61:Infinity":9,"s:62:22:62:Infinity":10,"s:64:2:70:Infinity":11,"b:66:38:66:50:66:50:66:Infinity":3,"b:67:51:67:63:67:63:67:Infinity":4,"s:73:27:124:Infinity":12,"f:74:10:74:42":1,"s:75:4:75:Infinity":13,"f:78:11:78:18":2,"s:79:20:79:Infinity":14,"f:79:29:79:35":3,"s:79:44:79:58":15,"b:80:4:82:Infinity:undefined:undefined:undefined:undefined":5,"s:80:4:82:Infinity":16,"s:81:6:81:Infinity":17,"s:83:4:83:Infinity":18,"f:86:10:86:17":4,"s:87:20:87:Infinity":19,"s:88:32:91:Infinity":20,"s:92:4:92:Infinity":21,"s:93:4:93:Infinity":22,"f:96:10:96:17":5,"s:97:20:97:Infinity":23,"s:98:25:98:Infinity":24,"f:98:34:98:45":6,"s:98:54:98:68":25,"b:99:4:99:Infinity:undefined:undefined:undefined:undefined":6,"s:99:4:99:Infinity":26,"s:99:29:99:Infinity":27,"s:101:20:101:Infinity":28,"s:102:24:102:Infinity":29,"s:103:24:103:Infinity":30,"s:105:21:109:Infinity":31,"b:106:8:106:Infinity:107:8:109:Infinity":7,"b:108:10:108:Infinity:109:10:109:Infinity":8,"s:111:36:111:Infinity":32,"s:112:4:112:Infinity":33,"f:112:24:112:29":7,"s:112:39:112:78":34,"b:112:56:112:73:112:73:112:78":9,"s:113:4:113:Infinity":35,"f:116:10:116:17":8,"s:117:4:117:Infinity":36,"f:117:24:117:32":9,"s:117:41:117:55":37,"f:120:2:120:21":10,"s:121:4:121:Infinity":38,"s:122:4:122:Infinity":39},"fnNames":{}}}
,"D:\\NiuYob\\Aspiria\\ASProducts-Web\\src\\features\\products\\product.schema.ts": {"path":"D:\\NiuYob\\Aspiria\\ASProducts-Web\\src\\features\\products\\product.schema.ts","statementMap":{"0":{"start":{"line":3,"column":22},"end":{"line":3,"column":null}},"1":{"start":{"line":4,"column":29},"end":{"line":4,"column":null}},"2":{"start":{"line":6,"column":29},"end":{"line":36,"column":null}},"3":{"start":{"line":14,"column":16},"end":{"line":14,"column":null}},"4":{"start":{"line":19,"column":16},"end":{"line":19,"column":null}},"5":{"start":{"line":28,"column":22},"end":{"line":28,"column":50}},"6":{"start":{"line":30,"column":16},"end":{"line":30,"column":null}}},"fnMap":{"0":{"name":"(anonymous_0)","decl":{"start":{"line":13,"column":20},"end":{"line":13,"column":null}},"loc":{"start":{"line":14,"column":16},"end":{"line":14,"column":null}},"line":14},"1":{"name":"(anonymous_1)","decl":{"start":{"line":18,"column":11},"end":{"line":18,"column":null}},"loc":{"start":{"line":19,"column":16},"end":{"line":19,"column":null}},"line":19},"2":{"name":"(anonymous_2)","decl":{"start":{"line":28,"column":5},"end":{"line":28,"column":13}},"loc":{"start":{"line":28,"column":22},"end":{"line":28,"column":50}},"line":28},"3":{"name":"(anonymous_3)","decl":{"start":{"line":29,"column":5},"end":{"line":29,"column":null}},"loc":{"start":{"line":30,"column":16},"end":{"line":30,"column":null}},"line":30}},"branchMap":{"0":{"loc":{"start":{"line":14,"column":16},"end":{"line":14,"column":null}},"type":"cond-expr","locations":[{"start":{"line":14,"column":49},"end":{"line":14,"column":61}},{"start":{"line":14,"column":61},"end":{"line":14,"column":null}}],"line":14},"1":{"loc":{"start":{"line":14,"column":16},"end":{"line":14,"column":49}},"type":"binary-expr","locations":[{"start":{"line":14,"column":16},"end":{"line":14,"column":32}},{"start":{"line":14,"column":32},"end":{"line":14,"column":49}}],"line":14},"2":{"loc":{"start":{"line":19,"column":16},"end":{"line":19,"column":null}},"type":"cond-expr","locations":[{"start":{"line":19,"column":49},"end":{"line":19,"column":61}},{"start":{"line":19,"column":61},"end":{"line":19,"column":null}}],"line":19},"3":{"loc":{"start":{"line":19,"column":16},"end":{"line":19,"column":49}},"type":"binary-expr","locations":[{"start":{"line":19,"column":16},"end":{"line":19,"column":32}},{"start":{"line":19,"column":32},"end":{"line":19,"column":49}}],"line":19}},"s":{"0":2,"1":2,"2":2,"3":11,"4":11,"5":2,"6":2},"f":{"0":11,"1":11,"2":2,"3":2},"b":{"0":[5,6],"1":[11,6],"2":[2,9],"3":[11,9]},"meta":{"lastBranch":4,"lastFunction":4,"lastStatement":7,"seen":{"s:3:22:3:Infinity":0,"s:4:29:4:Infinity":1,"s:6:29:36:Infinity":2,"f:13:20:13:Infinity":0,"s:14:16:14:Infinity":3,"b:14:49:14:61:14:61:14:Infinity":0,"b:14:16:14:32:14:32:14:49":1,"f:18:11:18:Infinity":1,"s:19:16:19:Infinity":4,"b:19:49:19:61:19:61:19:Infinity":2,"b:19:16:19:32:19:32:19:49":3,"f:28:5:28:13":2,"s:28:22:28:50":5,"f:29:5:29:Infinity":3,"s:30:16:30:Infinity":6},"fnNames":{}}}
}
